<?xml version="1.0" encoding="UTF-8"?>
<!-- Generated by org.testng.reporters.JUnitXMLReporter -->
<testsuite ignored="0" hostname="DESKTOP-RUPLHM2" failures="0" tests="3" name="Default test" time="52.64" errors="0" timestamp="2021-01-25T23:01:27 TRT">
  <testcase classname="testCases.CasesTest" name="firstCaseTest" time="2.045"/>
  <testcase classname="testCases.CasesTest" name="secondCaseTest" time="3.809"/>
  <testcase classname="testCases.CasesTest" name="thirdCaseTest" time="8.288"/>
</testsuite> <!-- Default test -->
