<?xml version="1.0" encoding="UTF-8"?>
<!-- Generated by org.testng.reporters.JUnitXMLReporter -->
<testsuite ignored="2" hostname="DESKTOP-RUPLHM2" failures="0" tests="1" name="Default test" time="11.752" errors="0" timestamp="2021-01-06T04:59:32 TRT">
  <testcase classname="testCases.CasesTest" name="firstCaseTest" time="11.728"/>
  <testcase classname="testCases.CasesTest" name="secondCaseTest" time="0.0">
    <ignored/>
  </testcase> <!-- secondCaseTest -->
  <testcase classname="testCases.CasesTest" name="thirdCaseTest" time="0.0">
    <ignored/>
  </testcase> <!-- thirdCaseTest -->
</testsuite> <!-- Default test -->
