<?xml version="1.0" encoding="UTF-8"?>
<testng-results ignored="2" total="3" passed="1" failed="0" skipped="0">
  <reporter-output>
  </reporter-output>
  <suite started-at="2021-01-06T04:59:21 TRT" name="Default suite" finished-at="2021-01-06T04:59:32 TRT" duration-ms="11752">
    <groups>
    </groups>
    <test started-at="2021-01-06T04:59:21 TRT" name="Default test" finished-at="2021-01-06T04:59:32 TRT" duration-ms="11752">
      <class name="testCases.CasesTest">
        <test-method signature="firstCaseTest()[pri:1, instance:testCases.CasesTest@419c5f1a]" started-at="2021-01-06T04:59:21 TRT" name="firstCaseTest" finished-at="2021-01-06T04:59:32 TRT" duration-ms="11728" status="PASS">
          <reporter-output>
          </reporter-output>
        </test-method> <!-- firstCaseTest -->
      </class> <!-- testCases.CasesTest -->
    </test> <!-- Default test -->
  </suite> <!-- Default suite -->
</testng-results>
